<?xml version="1.0" encoding="UTF-8"?>
<!-- Generated by org.testng.reporters.JUnitXMLReporter -->
<testsuite hostname="DESKTOP-N60QB27" ignored="0" name="Default test" tests="3" failures="0" timestamp="2022-12-29T01:26:48 IST" time="50.443" errors="0">
  <testcase name="urlTest" time="0.316" classname="allureReports.Test1"/>
  <testcase name="titleTest" time="0.023" classname="allureReports.Test1"/>
  <testcase name="skipTest" time="0.01" classname="allureReports.Test1">
    <skipped/>
  </testcase> <!-- skipTest -->
</testsuite> <!-- Default test -->
